<?xml version="1.0" encoding="UTF-8"?>
<!-- Generated by org.testng.reporters.JUnitReportReporter -->
<testsuite hostname="Sakilroly" failures="0" tests="1" name="com.qa.Testcases.LoginTest" time="11.312" errors="0" timestamp="2024-01-08T18:47:58 CST" skipped="0">
  <testcase classname="com.qa.Testcases.LoginTest" name="loginWithValidCredentials" time="11.312"/>
</testsuite> <!-- com.qa.Testcases.LoginTest -->
